============================================================
  Generated by:           Genus(TM) Synthesis Solution 23.10-p004_1
  Generated on:           Apr 28 2026  11:36:20 pm
  Module:                 vec_mac_top
  Operating conditions:   PVT_0P7V_25C (balanced_tree)
  Wireload mode:          enclosed
  Area mode:              timing library
============================================================

Timing
--------

Clock Period 
-------------
clk   1650.0 


  Cost    Critical         Violating 
 Group   Path Slack  TNS     Paths   
-------------------------------------
clk             0.0   0.0          0 
default    No paths   0.0            
-------------------------------------
Total                 0.0          0 

Instance Count
--------------
Leaf Instance Count             3229872 
Physical Instance count               0 
Sequential Instance Count        616475 
Combinational Instance Count    2613397 
Hierarchical Instance Count        1545 

Area
----
Cell Area                          397896.729
Physical Cell Area                 0.000
Total Cell Area (Cell+Physical)    397896.729
Net Area                           0.000
Total Area (Cell+Physical+Net)     397896.729

Max Fanout                         616475 (clk)
Min Fanout                         0 (u_rb/n_0)
Average Fanout                     2.7
Terms to net ratio                 3.7200
Terms to instance ratio            3.7353
Runtime                            41777.69784299986 seconds
Elapsed Runtime                    38272 seconds
Genus peak memory usage            24939.37 
Innovus peak memory usage          no_value 
Hostname                           auto.ece.pdx.edu
