[1/8] [========================100%] report1.nsys-rep
[2/8] [========================100%] report1.sqlite
[3/8] Executing 'nvtx_sum' stats report
SKIPPED: /home/ianwissy/report1.sqlite does not contain NV Tools Extension (NVTX) data.
[4/8] Executing 'osrt_sum' stats report

 Time (%)  Total Time (ns)  Num Calls    Avg (ns)     Med (ns)    Min (ns)   Max (ns)   StdDev (ns)        Name     
 --------  ---------------  ---------  ------------  -----------  --------  ----------  ------------  --------------
     75.4      188,387,224         13  14,491,324.9  1,918,240.0     1,292  82,554,052  23,445,227.1  poll          
     21.5       53,784,594        526     102,252.1     18,066.5     1,051  15,793,148     924,541.1  ioctl         
      0.8        1,955,855         25      78,234.2      8,503.0     5,979   1,355,872     268,156.5  mmap64        
      0.7        1,642,949         38      43,235.5      4,727.0     2,854     739,824     158,382.2  fopen         
      0.4        1,085,117         11      98,647.0     22,183.0     2,244     677,310     199,984.3  write         
      0.3          679,773          1     679,773.0    679,773.0   679,773     679,773           0.0  sem_timedwait 
      0.3          651,361          5     130,272.2      1,362.0     1,002     340,327     177,106.1  fcntl         
      0.2          385,284          4      96,321.0     12,994.5     7,912     351,383     170,107.1  fread         
      0.1          359,536          3     119,845.3    131,566.0    95,212     132,758      21,341.4  pthread_create
      0.1          228,711         49       4,667.6      4,306.0     1,913       9,554       1,781.3  open64        
      0.1          196,483         30       6,549.4      6,570.0     1,002      28,543       5,258.6  fclose        
      0.1          158,886         13      12,222.0      6,510.0     2,314      70,145      17,995.1  mmap          
      0.0           67,200          1      67,200.0     67,200.0    67,200      67,200           0.0  fgets         
      0.0           66,108          1      66,108.0     66,108.0    66,108      66,108           0.0  putc          
      0.0           30,543          6       5,090.5      5,112.0     2,253       8,172       2,080.1  open          
      0.0           23,526          4       5,881.5      4,872.5     3,746      10,035       2,910.9  munmap        
      0.0           22,893          4       5,723.3      5,518.0     3,054       8,803       2,976.4  pipe2         
      0.0           16,955         10       1,695.5      1,487.0     1,002       3,144         630.5  read          
      0.0           16,555          2       8,277.5      8,277.5     5,388      11,167       4,086.4  socket        
      0.0           14,101          1      14,101.0     14,101.0    14,101      14,101           0.0  connect       
      0.0            8,744          3       2,914.7      2,424.0     1,252       5,068       1,954.7  fwrite        
      0.0            1,402          1       1,402.0      1,402.0     1,402       1,402           0.0  bind          
      0.0            1,112          1       1,112.0      1,112.0     1,112       1,112           0.0  listen        

[5/8] Executing 'cuda_api_sum' stats report

 Time (%)  Total Time (ns)  Num Calls    Avg (ns)     Med (ns)    Min (ns)    Max (ns)   StdDev (ns)            Name         
 --------  ---------------  ---------  ------------  -----------  ---------  ----------  ------------  ----------------------
     93.4       98,793,998          3  32,931,332.7     93,069.0     85,477  98,615,452  56,884,116.1  cudaMalloc            
      3.9        4,162,697          1   4,162,697.0  4,162,697.0  4,162,697   4,162,697           0.0  cudaLaunchKernel      
      1.8        1,868,336          3     622,778.7    262,001.0    241,190   1,365,145     642,992.3  cudaMemcpy            
      0.5          489,920          1     489,920.0    489,920.0    489,920     489,920           0.0  cudaDeviceSynchronize 
      0.4          449,861          3     149,953.7    122,683.0    122,012     205,166      47,816.5  cudaFree              
      0.0              831          1         831.0        831.0        831         831           0.0  cuModuleGetLoadingMode

[6/8] Executing 'cuda_gpu_kern_sum' stats report

 Time (%)  Total Time (ns)  Instances  Avg (ns)   Med (ns)   Min (ns)  Max (ns)  StdDev (ns)                         Name                       
 --------  ---------------  ---------  ---------  ---------  --------  --------  -----------  --------------------------------------------------
    100.0          487,680          1  487,680.0  487,680.0   487,680   487,680          0.0  matMulNaive(const float *, const float *, float *)

[7/8] Executing 'cuda_gpu_mem_time_sum' stats report

 Time (%)  Total Time (ns)  Count  Avg (ns)   Med (ns)   Min (ns)  Max (ns)  StdDev (ns)           Operation          
 --------  ---------------  -----  ---------  ---------  --------  --------  -----------  ----------------------------
     58.7          596,096      1  596,096.0  596,096.0   596,096   596,096          0.0  [CUDA memcpy Device-to-Host]
     41.3          418,752      2  209,376.0  209,376.0   207,520   211,232      2,624.8  [CUDA memcpy Host-to-Device]

[8/8] Executing 'cuda_gpu_mem_size_sum' stats report

 Total (MB)  Count  Avg (MB)  Med (MB)  Min (MB)  Max (MB)  StdDev (MB)           Operation          
 ----------  -----  --------  --------  --------  --------  -----------  ----------------------------
      8.389      2     4.194     4.194     4.194     4.194        0.000  [CUDA memcpy Host-to-Device]
      4.194      1     4.194     4.194     4.194     4.194        0.000  [CUDA memcpy Device-to-Host]

