Time (%)  Total Time (ns)  Num Calls    Avg (ns)     Med (ns)    Min (ns)    Max (ns)   StdDev (ns)            Name         
 --------  ---------------  ---------  ------------  -----------  ---------  ----------  ------------  ----------------------
     65.7      164,936,972         12  13,744,747.7  1,120,867.0      1,132  83,506,774  25,396,176.6  poll                  
     24.9       62,536,234        527     118,664.6     18,188.0      1,022  21,466,438   1,198,654.1  ioctl                 
      4.0        9,983,286          1   9,983,286.0  9,983,286.0  9,983,286   9,983,286           0.0  pthread_cond_wait     
      2.1        5,226,523          1   5,226,523.0  5,226,523.0  5,226,523   5,226,523           0.0  pthread_cond_broadcast
      1.0        2,424,143         38      63,793.2      4,802.0      2,934   1,661,567     279,870.7  fopen                 
      0.8        1,992,029         25      79,681.2      9,494.0      5,509   1,368,922     270,610.7  mmap64                
      0.4          936,678         10      93,667.8     22,744.0     12,218     516,100     158,557.8  write                 
      0.3          857,368          4     214,342.0    201,420.0      1,062     453,466     247,112.6  fcntl                 
      0.2          617,812          1     617,812.0    617,812.0    617,812     617,812           0.0  sem_timedwait         
      0.2          466,133          5      93,226.6      7,721.0      1,472     419,285     182,594.6  fread                 
      0.1          335,019          3     111,673.0    110,485.0     98,627     125,907      13,678.7  pthread_create        
      0.1          238,337         49       4,864.0      4,306.0      1,913      11,917       2,062.8  open64                
      0.1          186,968         32       5,842.8      6,600.0      1,022      16,674       3,928.3  fclose                
      0.1          156,354         13      12,027.2      6,049.0      2,264      71,827      18,428.7  mmap                  
      0.0           66,870          1      66,870.0     66,870.0     66,870      66,870           0.0  fgets                 
      0.0           62,823          1      62,823.0     62,823.0     62,823      62,823           0.0  putc                  
      0.0           30,126          6       5,021.0      5,143.0      2,334       7,782       1,928.7  open                  
      0.0           24,117          4       6,029.3      6,685.0      3,746       7,001       1,544.8  munmap                
      0.0           20,020          4       5,005.0      4,787.5      2,653       7,792       2,451.5  pipe2                 
      0.0           18,459         11       1,678.1      1,442.0      1,042       3,416         838.0  read                  
      0.0           16,043          2       8,021.5      8,021.5      5,538      10,505       3,512.2  socket                
      0.0           11,166          1      11,166.0     11,166.0     11,166      11,166           0.0  connect               
      0.0            9,965          3       3,321.7      3,255.0      1,172       5,538       2,183.8  fwrite                
      0.0            1,902          1       1,902.0      1,902.0      1,902       1,902           0.0  bind                  
      0.0            1,012          1       1,012.0      1,012.0      1,012       1,012           0.0  listen                

[5/8] Executing 'cuda_api_sum' stats report

 Time (%)  Total Time (ns)  Num Calls    Avg (ns)     Med (ns)    Min (ns)    Max (ns)   StdDev (ns)            Name         
 --------  ---------------  ---------  ------------  -----------  ---------  ----------  ------------  ----------------------
     93.4       94,161,520          3  31,387,173.3     91,486.0     86,098  93,983,936  54,210,386.7  cudaMalloc            
      4.0        4,017,620          1   4,017,620.0  4,017,620.0  4,017,620   4,017,620           0.0  cudaLaunchKernel      
      1.8        1,826,153          3     608,717.7    268,450.0    244,174   1,313,529     610,505.2  cudaMemcpy            
      0.4          440,888          3     146,962.7    127,811.0    122,703     190,374      37,682.0  cudaFree              
      0.4          400,087          1     400,087.0    400,087.0    400,087     400,087           0.0  cudaDeviceSynchronize 
      0.0              861          1         861.0        861.0        861         861           0.0  cuModuleGetLoadingMode

[6/8] Executing 'cuda_gpu_kern_sum' stats report

 Time (%)  Total Time (ns)  Instances  Avg (ns)   Med (ns)   Min (ns)  Max (ns)  StdDev (ns)                         Name                       
 --------  ---------------  ---------  ---------  ---------  --------  --------  -----------  --------------------------------------------------
    100.0          398,943          1  398,943.0  398,943.0   398,943   398,943          0.0  matMulTiled(const float *, const float *, float *)

[7/8] Executing 'cuda_gpu_mem_time_sum' stats report

 Time (%)  Total Time (ns)  Count   Avg (ns)     Med (ns)    Min (ns)   Max (ns)   StdDev (ns)           Operation          
 --------  ---------------  -----  -----------  -----------  ---------  ---------  -----------  ----------------------------
     70.7        1,046,464      1  1,046,464.0  1,046,464.0  1,046,464  1,046,464          0.0  [CUDA memcpy Device-to-Host]
     29.3          434,272      2    217,136.0    217,136.0    216,672    217,600        656.2  [CUDA memcpy Host-to-Device]

[8/8] Executing 'cuda_gpu_mem_size_sum' stats report

 Total (MB)  Count  Avg (MB)  Med (MB)  Min (MB)  Max (MB)  StdDev (MB)           Operation          
 ----------  -----  --------  --------  --------  --------  -----------  ----------------------------
      8.389      2     4.194     4.194     4.194     4.194        0.000  [CUDA memcpy Host-to-Device]
      4.194      1     4.194     4.194     4.194     4.194        0.000  [CUDA memcpy Device-to-Host]


