    Section: GPU Speed Of Light Throughput
    ----------------------- ----------- ------------
    Metric Name             Metric Unit Metric Value
    ----------------------- ----------- ------------
    DRAM Frequency                  Ghz         8.99
    SM Frequency                    Ghz         1.06
    Elapsed Cycles                cycle    1,008,697
    Memory Throughput                 %        82.16
    DRAM Throughput                   %         1.87
    Duration                         us       947.17
    L1/TEX Cache Throughput           %        82.59
    L2 Cache Throughput               %        43.38
    SM Active Cycles              cycle 1,003,087.55
    Compute (SM) Throughput           %        82.16
    ----------------------- ----------- ------------

    INF   This workload is utilizing greater than 80.0% of the available compute or memory performance of the device.   
          To further improve performance, work will likely need to be shifted from the most utilized to another unit.   
          Start by analyzing workloads in the Compute Workload Analysis section.                                        

    Section: Launch Statistics
    -------------------------------- --------------- ---------------
    Metric Name                          Metric Unit    Metric Value
    -------------------------------- --------------- ---------------
    Block Size                                                    64
    Function Cache Configuration                     CachePreferNone
    Grid Size                                                 16,384
    Registers Per Thread             register/thread              40
    Shared Memory Configuration Size           Kbyte           65.54
    Driver Shared Memory Per Block       Kbyte/block            1.02
    Dynamic Shared Memory Per Block       byte/block               0
    Static Shared Memory Per Block        byte/block             512
    # SMs                                         SM             142
    Stack Size                                                 1,024
    Threads                                   thread       1,048,576
    # TPCs                                                        71
    Enabled TPC IDs                                              all
    Uses Green Context                                             0
    Waves Per SM                                                4.81
    -------------------------------- --------------- ---------------

    OPT   Est. Speedup: 20%                                                                                             
          A wave of thread blocks is defined as the maximum number of blocks that can be executed in parallel on the    
          target GPU. The number of blocks in a wave depends on the number of multiprocessors and the theoretical       
          occupancy of the kernel. This kernel launch results in 4 full waves and a partial wave of 2753 thread         
          blocks. Under the assumption of a uniform execution duration of all thread blocks, this partial wave may      
          account for up to 20.0% of the total runtime of this kernel. Try launching a grid with no partial wave. The   
          overall impact of this tail effect also lessens with the number of full waves executed for a grid. See the    
          Hardware Model (https://docs.nvidia.com/nsight-compute/ProfilingGuide/index.html#metrics-hw-model)            
          description for more details on launch configurations.                                                        

    Section: Occupancy
    ------------------------------- ----------- ------------
    Metric Name                     Metric Unit Metric Value
    ------------------------------- ----------- ------------
    Block Limit SM                        block           24
    Block Limit Registers                 block           24
    Block Limit Shared Mem                block           42
    Block Limit Warps                     block           24
    Theoretical Active Warps per SM        warp           48
    Theoretical Occupancy                     %          100
    Achieved Occupancy                        %        92.25
    Achieved Active Warps Per SM           warp        44.28
    ------------------------------- ----------- ------------

    Section: GPU and Memory Workload Distribution
    -------------------------- ----------- ------------
    Metric Name                Metric Unit Metric Value
    -------------------------- ----------- ------------
    Average DRAM Active Cycles       cycle   159,318.67
    Total DRAM Elapsed Cycles        cycle  102,198,272
    Average L1 Active Cycles         cycle 1,003,087.55
    Total L1 Elapsed Cycles          cycle  143,183,030
    Average L2 Active Cycles         cycle 1,365,534.65
    Total L2 Elapsed Cycles          cycle   66,027,360
    Average SM Active Cycles         cycle 1,003,087.55
    Total SM Elapsed Cycles          cycle  143,183,030
    Average SMSP Active Cycles       cycle 1,001,245.66
    Total SMSP Elapsed Cycles        cycle  572,732,120
    -------------------------- ----------- ------------

