============================================================
  Generated by:           Genus(TM) Synthesis Solution 23.10-p004_1
  Generated on:           Apr 25 2026  01:32:24 am
  Module:                 vec_mac_top
  Operating conditions:   PVT_0P7V_25C (balanced_tree)
  Wireload mode:          enclosed
  Area mode:              timing library
============================================================

      Instance                                                     Module                                                Cell-Count  Cell-Area  Net-Area   Total-Area   Wireload  
----------------------------------------------------------------------------------------------------------------------------------------------------------------------------------
vec_mac_top          NA                                                                                                      775391  96252.946     0.000    96252.946 <none> (D)  
  u_act_sram_0       act_sram_DATA_WIDTH512_DEPTH2_ADDR_WIDTH1                                                                 2123    397.742     0.000      397.742 <none> (D)  
  u_act_sram_1       act_sram_DATA_WIDTH512_DEPTH2_ADDR_WIDTH1_1                                                               2127    402.350     0.000      402.350 <none> (D)  
  u_axi_buf          axis_to_vect_buffer_AXI_DATA_WIDTH512_TUSER_WIDTH2_VEC_SIZE128_WT_WIDTH16_K_DEPTH32_K_ADDR_WIDTH5         5841    854.519     0.000      854.519 <none> (D)  
  u_ctrl             controller_VEC_SIZE128_ACT_WIDTH16_WT_WIDTH16_PSUM_WIDTH32_K_DEPTH32_K_ADDR_WIDTH5_OUT_ADDR_WIDTH1       15173   2718.077     0.000     2718.077 <none> (D)  
  u_mac              vec_mac_array_VEC_SIZE128_ACT_WIDTH16_WT_WIDTH16_PSUM_WIDTH32                                           309659  24517.626     0.000    24517.626 <none> (D)  
    g_acc[0].u_mac   bf16_mac_unit                                                                                             2462    182.323     0.000      182.323 <none> (D)  
      u_add          bf16_fp32_add                                                                                             1784    130.637     0.000      130.637 <none> (D)  
      u_mul          bf16_mul                                                                                                   678     51.686     0.000       51.686 <none> (D)  
    g_acc[100].u_mac bf16_mac_unit_100                                                                                         2198    165.760     0.000      165.760 <none> (D)  
      u_add          bf16_fp32_add_100                                                                                         1541    114.759     0.000      114.759 <none> (D)  
      u_mul          bf16_mul_100                                                                                               657     51.001     0.000       51.001 <none> (D)  
    g_acc[101].u_mac bf16_mac_unit_101                                                                                         2202    165.133     0.000      165.133 <none> (D)  
      u_add          bf16_fp32_add_101                                                                                         1502    112.047     0.000      112.047 <none> (D)  
      u_mul          bf16_mul_101                                                                                               700     53.086     0.000       53.086 <none> (D)  
    g_acc[102].u_mac bf16_mac_unit_102                                                                                         2172    162.946     0.000      162.946 <none> (D)  
      u_add          bf16_fp32_add_102                                                                                         1508    112.033     0.000      112.033 <none> (D)  
      u_mul          bf16_mul_102                                                                                               664     50.913     0.000       50.913 <none> (D)  
    g_acc[103].u_mac bf16_mac_unit_103                                                                                         2170    161.124     0.000      161.124 <none> (D)  
      u_add          bf16_fp32_add_103                                                                                         1497    110.444     0.000      110.444 <none> (D)  
      u_mul          bf16_mul_103                                                                                               673     50.680     0.000       50.680 <none> (D)  
    g_acc[104].u_mac bf16_mac_unit_104                                                                                         2212    164.885     0.000      164.885 <none> (D)  
      u_add          bf16_fp32_add_104                                                                                         1517    113.010     0.000      113.010 <none> (D)  
      u_mul          bf16_mul_104                                                                                               695     51.876     0.000       51.876 <none> (D)  
    g_acc[105].u_mac bf16_mac_unit_105                                                                                         2178    162.931     0.000      162.931 <none> (D)  
      u_add          bf16_fp32_add_105                                                                                         1492    111.537     0.000      111.537 <none> (D)  
      u_mul          bf16_mul_105                                                                                               686     51.395     0.000       51.395 <none> (D)  
    g_acc[106].u_mac bf16_mac_unit_106                                                                                         2201    164.244     0.000      164.244 <none> (D)  
      u_add          bf16_fp32_add_106                                                                                         1539    113.884     0.000      113.884 <none> (D)  
      u_mul          bf16_mul_106                                                                                               662     50.359     0.000       50.359 <none> (D)  
    g_acc[107].u_mac bf16_mac_unit_107                                                                                         2181    164.521     0.000      164.521 <none> (D)  
      u_add          bf16_fp32_add_107                                                                                         1505    113.155     0.000      113.155 <none> (D)  
      u_mul          bf16_mul_107                                                                                               676     51.365     0.000       51.365 <none> (D)  
    g_acc[108].u_mac bf16_mac_unit_108                                                                                         2154    161.065     0.000      161.065 <none> (D)  
      u_add          bf16_fp32_add_108                                                                                         1478    110.181     0.000      110.181 <none> (D)  
      u_mul          bf16_mul_108                                                                                               676     50.884     0.000       50.884 <none> (D)  
    g_acc[109].u_mac bf16_mac_unit_109                                                                                         2196    164.637     0.000      164.637 <none> (D)  
      u_add          bf16_fp32_add_109                                                                                         1522    112.791     0.000      112.791 <none> (D)  
      u_mul          bf16_mul_109                                                                                               674     51.846     0.000       51.846 <none> (D)  
    g_acc[10].u_mac  bf16_mac_unit_10                                                                                          2456    182.017     0.000      182.017 <none> (D)  
      u_add          bf16_fp32_add_10                                                                                          1799    130.520     0.000      130.520 <none> (D)  
      u_mul          bf16_mul_10                                                                                                657     51.497     0.000       51.497 <none> (D)  
    g_acc[110].u_mac bf16_mac_unit_110                                                                                         2238    167.422     0.000      167.422 <none> (D)  
      u_add          bf16_fp32_add_110                                                                                         1541    114.293     0.000      114.293 <none> (D)  
      u_mul          bf16_mul_110                                                                                               697     53.130     0.000       53.130 <none> (D)  
    g_acc[111].u_mac bf16_mac_unit_111                                                                                         2133    158.514     0.000      158.514 <none> (D)  
      u_add          bf16_fp32_add_111                                                                                         1451    108.140     0.000      108.140 <none> (D)  
      u_mul          bf16_mul_111                                                                                               682     50.374     0.000       50.374 <none> (D)  
    g_acc[112].u_mac bf16_mac_unit_112                                                                                         2153    160.876     0.000      160.876 <none> (D)  
      u_add          bf16_fp32_add_112                                                                                         1485    110.779     0.000      110.779 <none> (D)  
      u_mul          bf16_mul_112                                                                                               668     50.097     0.000       50.097 <none> (D)  
    g_acc[113].u_mac bf16_mac_unit_113                                                                                         2189    163.617     0.000      163.617 <none> (D)  
      u_add          bf16_fp32_add_113                                                                                         1519    112.412     0.000      112.412 <none> (D)  
      u_mul          bf16_mul_113                                                                                               670     51.205     0.000       51.205 <none> (D)  
    g_acc[114].u_mac bf16_mac_unit_114                                                                                         2250    166.197     0.000      166.197 <none> (D)  
      u_add          bf16_fp32_add_114                                                                                         1566    114.497     0.000      114.497 <none> (D)  
      u_mul          bf16_mul_114                                                                                               684     51.701     0.000       51.701 <none> (D)  
    g_acc[115].u_mac bf16_mac_unit_115                                                                                         2158    162.698     0.000      162.698 <none> (D)  
      u_add          bf16_fp32_add_115                                                                                         1494    112.237     0.000      112.237 <none> (D)  
      u_mul          bf16_mul_115                                                                                               664     50.461     0.000       50.461 <none> (D)  
    g_acc[116].u_mac bf16_mac_unit_116                                                                                         2234    167.364     0.000      167.364 <none> (D)  
      u_add          bf16_fp32_add_116                                                                                         1556    115.721     0.000      115.721 <none> (D)  
      u_mul          bf16_mul_116                                                                                               678     51.642     0.000       51.642 <none> (D)  
    g_acc[117].u_mac bf16_mac_unit_117                                                                                         2271    169.303     0.000      169.303 <none> (D)  
      u_add          bf16_fp32_add_117                                                                                         1542    114.438     0.000      114.438 <none> (D)  
      u_mul          bf16_mul_117                                                                                               729     54.865     0.000       54.865 <none> (D)  
    g_acc[118].u_mac bf16_mac_unit_118                                                                                         2225    165.935     0.000      165.935 <none> (D)  
      u_add          bf16_fp32_add_118                                                                                         1521    112.660     0.000      112.660 <none> (D)  
      u_mul          bf16_mul_118                                                                                               704     53.275     0.000       53.275 <none> (D)  
    g_acc[119].u_mac bf16_mac_unit_119                                                                                         2192    164.477     0.000      164.477 <none> (D)  
      u_add          bf16_fp32_add_119                                                                                         1507    112.383     0.000      112.383 <none> (D)  
      u_mul          bf16_mul_119                                                                                               685     52.094     0.000       52.094 <none> (D)  
    g_acc[11].u_mac  bf16_mac_unit_11                                                                                          2435    181.346     0.000      181.346 <none> (D)  
      u_add          bf16_fp32_add_11                                                                                          1787    131.468     0.000      131.468 <none> (D)  
      u_mul          bf16_mul_11                                                                                                648     49.878     0.000       49.878 <none> (D)  
    g_acc[120].u_mac bf16_mac_unit_120                                                                                         2210    166.110     0.000      166.110 <none> (D)  
      u_add          bf16_fp32_add_120                                                                                         1536    114.832     0.000      114.832 <none> (D)  
      u_mul          bf16_mul_120                                                                                               674     51.278     0.000       51.278 <none> (D)  
    g_acc[121].u_mac bf16_mac_unit_121                                                                                         2184    163.515     0.000      163.515 <none> (D)  
      u_add          bf16_fp32_add_121                                                                                         1500    112.120     0.000      112.120 <none> (D)  
      u_mul          bf16_mul_121                                                                                               684     51.395     0.000       51.395 <none> (D)  
    g_acc[122].u_mac bf16_mac_unit_122                                                                                         2249    167.685     0.000      167.685 <none> (D)  
      u_add          bf16_fp32_add_122                                                                                         1554    114.570     0.000      114.570 <none> (D)  
      u_mul          bf16_mul_122                                                                                               695     53.115     0.000       53.115 <none> (D)  
    g_acc[123].u_mac bf16_mac_unit_123                                                                                         2177    162.931     0.000      162.931 <none> (D)  
      u_add          bf16_fp32_add_123                                                                                         1482    110.735     0.000      110.735 <none> (D)  
      u_mul          bf16_mul_123                                                                                               695     52.196     0.000       52.196 <none> (D)  
    g_acc[124].u_mac bf16_mac_unit_124                                                                                         2223    166.270     0.000      166.270 <none> (D)  
      u_add          bf16_fp32_add_124                                                                                         1529    114.482     0.000      114.482 <none> (D)  
      u_mul          bf16_mul_124                                                                                               694     51.788     0.000       51.788 <none> (D)  
    g_acc[125].u_mac bf16_mac_unit_125                                                                                         2272    170.294     0.000      170.294 <none> (D)  
      u_add          bf16_fp32_add_125                                                                                         1546    115.955     0.000      115.955 <none> (D)  
      u_mul          bf16_mul_125                                                                                               726     54.340     0.000       54.340 <none> (D)  
    g_acc[126].u_mac bf16_mac_unit_126                                                                                         2165    161.269     0.000      161.269 <none> (D)  
      u_add          bf16_fp32_add_126                                                                                         1497    110.939     0.000      110.939 <none> (D)  
      u_mul          bf16_mul_126                                                                                               668     50.330     0.000       50.330 <none> (D)  
    g_acc[127].u_mac bf16_mac_unit_127                                                                                         2535    187.980     0.000      187.980 <none> (D)  
      u_add          bf16_fp32_add_127                                                                                         1882    137.271     0.000      137.271 <none> (D)  
      u_mul          bf16_mul_127                                                                                               653     50.709     0.000       50.709 <none> (D)  
    g_acc[12].u_mac  bf16_mac_unit_12                                                                                          2192    163.908     0.000      163.908 <none> (D)  
      u_add          bf16_fp32_add_12                                                                                          1511    111.916     0.000      111.916 <none> (D)  
      u_mul          bf16_mul_12                                                                                                681     51.992     0.000       51.992 <none> (D)  
    g_acc[13].u_mac  bf16_mac_unit_13                                                                                          2173    163.952     0.000      163.952 <none> (D)  
      u_add          bf16_fp32_add_13                                                                                          1495    112.412     0.000      112.412 <none> (D)  
      u_mul          bf16_mul_13                                                                                                678     51.540     0.000       51.540 <none> (D)  
    g_acc[14].u_mac  bf16_mac_unit_14                                                                                          2148    160.657     0.000      160.657 <none> (D)  
      u_add          bf16_fp32_add_14                                                                                          1480    110.050     0.000      110.050 <none> (D)  
      u_mul          bf16_mul_14                                                                                                668     50.607     0.000       50.607 <none> (D)  
    g_acc[15].u_mac  bf16_mac_unit_15                                                                                          2483    183.708     0.000      183.708 <none> (D)  
      u_add          bf16_fp32_add_15                                                                                          1835    133.524     0.000      133.524 <none> (D)  
      u_mul          bf16_mul_15                                                                                                648     50.184     0.000       50.184 <none> (D)  
    g_acc[16].u_mac  bf16_mac_unit_16                                                                                          2223    166.970     0.000      166.970 <none> (D)  
      u_add          bf16_fp32_add_16                                                                                          1549    115.167     0.000      115.167 <none> (D)  
      u_mul          bf16_mul_16                                                                                                674     51.803     0.000       51.803 <none> (D)  
    g_acc[17].u_mac  bf16_mac_unit_17                                                                                          2180    163.529     0.000      163.529 <none> (D)  
      u_add          bf16_fp32_add_17                                                                                          1519    113.374     0.000      113.374 <none> (D)  
      u_mul          bf16_mul_17                                                                                                661     50.155     0.000       50.155 <none> (D)  
    g_acc[18].u_mac  bf16_mac_unit_18                                                                                          2198    165.177     0.000      165.177 <none> (D)  
      u_add          bf16_fp32_add_18                                                                                          1533    114.657     0.000      114.657 <none> (D)  
      u_mul          bf16_mul_18                                                                                                665     50.520     0.000       50.520 <none> (D)  
    g_acc[19].u_mac  bf16_mac_unit_19                                                                                          2481    183.023     0.000      183.023 <none> (D)  
      u_add          bf16_fp32_add_19                                                                                          1791    130.374     0.000      130.374 <none> (D)  
      u_mul          bf16_mul_19                                                                                                690     52.648     0.000       52.648 <none> (D)  
    g_acc[1].u_mac   bf16_mac_unit_1                                                                                           2187    163.835     0.000      163.835 <none> (D)  
      u_add          bf16_fp32_add_1                                                                                           1509    112.353     0.000      112.353 <none> (D)  
      u_mul          bf16_mul_1                                                                                                 678     51.482     0.000       51.482 <none> (D)  
    g_acc[20].u_mac  bf16_mac_unit_20                                                                                          2487    183.650     0.000      183.650 <none> (D)  
      u_add          bf16_fp32_add_20                                                                                          1810    132.488     0.000      132.488 <none> (D)  
      u_mul          bf16_mul_20                                                                                                677     51.161     0.000       51.161 <none> (D)  
    g_acc[21].u_mac  bf16_mac_unit_21                                                                                          2223    166.402     0.000      166.402 <none> (D)  
      u_add          bf16_fp32_add_21                                                                                          1526    114.205     0.000      114.205 <none> (D)  
      u_mul          bf16_mul_21                                                                                                697     52.196     0.000       52.196 <none> (D)  
    g_acc[22].u_mac  bf16_mac_unit_22                                                                                          2209    164.973     0.000      164.973 <none> (D)  
      u_add          bf16_fp32_add_22                                                                                          1528    113.637     0.000      113.637 <none> (D)  
      u_mul          bf16_mul_22                                                                                                681     51.336     0.000       51.336 <none> (D)  
    g_acc[23].u_mac  bf16_mac_unit_23                                                                                          2204    165.614     0.000      165.614 <none> (D)  
      u_add          bf16_fp32_add_23                                                                                          1511    113.462     0.000      113.462 <none> (D)  
      u_mul          bf16_mul_23                                                                                                693     52.153     0.000       52.153 <none> (D)  
    g_acc[24].u_mac  bf16_mac_unit_24                                                                                          2510    185.633     0.000      185.633 <none> (D)  
      u_add          bf16_fp32_add_24                                                                                          1847    134.398     0.000      134.398 <none> (D)  
      u_mul          bf16_mul_24                                                                                                663     51.234     0.000       51.234 <none> (D)  
    g_acc[25].u_mac  bf16_mac_unit_25                                                                                          2165    161.678     0.000      161.678 <none> (D)  
      u_add          bf16_fp32_add_25                                                                                          1494    111.668     0.000      111.668 <none> (D)  
      u_mul          bf16_mul_25                                                                                                671     50.009     0.000       50.009 <none> (D)  
    g_acc[26].u_mac  bf16_mac_unit_26                                                                                          2609    189.730     0.000      189.730 <none> (D)  
      u_add          bf16_fp32_add_26                                                                                          1906    136.571     0.000      136.571 <none> (D)  
      u_mul          bf16_mul_26                                                                                                703     53.159     0.000       53.159 <none> (D)  
    g_acc[27].u_mac  bf16_mac_unit_27                                                                                          2197    163.311     0.000      163.311 <none> (D)  
      u_add          bf16_fp32_add_27                                                                                          1530    113.141     0.000      113.141 <none> (D)  
      u_mul          bf16_mul_27                                                                                                667     50.170     0.000       50.170 <none> (D)  
    g_acc[28].u_mac  bf16_mac_unit_28                                                                                          2522    186.711     0.000      186.711 <none> (D)  
      u_add          bf16_fp32_add_28                                                                                          1837    134.165     0.000      134.165 <none> (D)  
      u_mul          bf16_mul_28                                                                                                685     52.546     0.000       52.546 <none> (D)  
    g_acc[29].u_mac  bf16_mac_unit_29                                                                                          2213    166.110     0.000      166.110 <none> (D)  
      u_add          bf16_fp32_add_29                                                                                          1516    112.995     0.000      112.995 <none> (D)  
      u_mul          bf16_mul_29                                                                                                697     53.115     0.000       53.115 <none> (D)  
    g_acc[2].u_mac   bf16_mac_unit_2                                                                                           2179    164.229     0.000      164.229 <none> (D)  
      u_add          bf16_fp32_add_2                                                                                           1504    112.645     0.000      112.645 <none> (D)  
      u_mul          bf16_mul_2                                                                                                 675     51.584     0.000       51.584 <none> (D)  
    g_acc[30].u_mac  bf16_mac_unit_30                                                                                          2566    189.686     0.000      189.686 <none> (D)  
      u_add          bf16_fp32_add_30                                                                                          1891    138.189     0.000      138.189 <none> (D)  
      u_mul          bf16_mul_30                                                                                                675     51.497     0.000       51.497 <none> (D)  
    g_acc[31].u_mac  bf16_mac_unit_31                                                                                          2536    187.163     0.000      187.163 <none> (D)  
      u_add          bf16_fp32_add_31                                                                                          1868    135.142     0.000      135.142 <none> (D)  
      u_mul          bf16_mul_31                                                                                                668     52.021     0.000       52.021 <none> (D)  
    g_acc[32].u_mac  bf16_mac_unit_32                                                                                          2162    163.952     0.000      163.952 <none> (D)  
      u_add          bf16_fp32_add_32                                                                                          1482    111.377     0.000      111.377 <none> (D)  
      u_mul          bf16_mul_32                                                                                                680     52.575     0.000       52.575 <none> (D)  
    g_acc[33].u_mac  bf16_mac_unit_33                                                                                          2191    163.558     0.000      163.558 <none> (D)  
      u_add          bf16_fp32_add_33                                                                                          1490    110.925     0.000      110.925 <none> (D)  
      u_mul          bf16_mul_33                                                                                                701     52.634     0.000       52.634 <none> (D)  
    g_acc[34].u_mac  bf16_mac_unit_34                                                                                          2226    166.095     0.000      166.095 <none> (D)  
      u_add          bf16_fp32_add_34                                                                                          1530    114.074     0.000      114.074 <none> (D)  
      u_mul          bf16_mul_34                                                                                                696     52.021     0.000       52.021 <none> (D)  
    g_acc[35].u_mac  bf16_mac_unit_35                                                                                          2186    162.480     0.000      162.480 <none> (D)  
      u_add          bf16_fp32_add_35                                                                                          1508    111.829     0.000      111.829 <none> (D)  
      u_mul          bf16_mul_35                                                                                                678     50.651     0.000       50.651 <none> (D)  
    g_acc[36].u_mac  bf16_mac_unit_36                                                                                          2206    163.748     0.000      163.748 <none> (D)  
      u_add          bf16_fp32_add_36                                                                                          1516    111.420     0.000      111.420 <none> (D)  
      u_mul          bf16_mul_36                                                                                                690     52.328     0.000       52.328 <none> (D)  
    g_acc[37].u_mac  bf16_mac_unit_37                                                                                          2236    167.378     0.000      167.378 <none> (D)  
      u_add          bf16_fp32_add_37                                                                                          1533    113.957     0.000      113.957 <none> (D)  
      u_mul          bf16_mul_37                                                                                                703     53.421     0.000       53.421 <none> (D)  
    g_acc[38].u_mac  bf16_mac_unit_38                                                                                          2158    161.867     0.000      161.867 <none> (D)  
      u_add          bf16_fp32_add_38                                                                                          1487    111.027     0.000      111.027 <none> (D)  
      u_mul          bf16_mul_38                                                                                                671     50.840     0.000       50.840 <none> (D)  
    g_acc[39].u_mac  bf16_mac_unit_39                                                                                          2139    160.963     0.000      160.963 <none> (D)  
      u_add          bf16_fp32_add_39                                                                                          1484    110.531     0.000      110.531 <none> (D)  
      u_mul          bf16_mul_39                                                                                                655     50.432     0.000       50.432 <none> (D)  
    g_acc[3].u_mac   bf16_mac_unit_3                                                                                           2212    166.008     0.000      166.008 <none> (D)  
      u_add          bf16_fp32_add_3                                                                                           1507    112.864     0.000      112.864 <none> (D)  
      u_mul          bf16_mul_3                                                                                                 705     53.144     0.000       53.144 <none> (D)  
    g_acc[40].u_mac  bf16_mac_unit_40                                                                                          2572    188.898     0.000      188.898 <none> (D)  
      u_add          bf16_fp32_add_40                                                                                          1897    137.591     0.000      137.591 <none> (D)  
      u_mul          bf16_mul_40                                                                                                675     51.307     0.000       51.307 <none> (D)  
    g_acc[41].u_mac  bf16_mac_unit_41                                                                                          2229    167.160     0.000      167.160 <none> (D)  
      u_add          bf16_fp32_add_41                                                                                          1547    115.401     0.000      115.401 <none> (D)  
      u_mul          bf16_mul_41                                                                                                682     51.759     0.000       51.759 <none> (D)  
    g_acc[42].u_mac  bf16_mac_unit_42                                                                                          2197    162.334     0.000      162.334 <none> (D)  
      u_add          bf16_fp32_add_42                                                                                          1515    110.866     0.000      110.866 <none> (D)  
      u_mul          bf16_mul_42                                                                                                682     51.467     0.000       51.467 <none> (D)  
    g_acc[43].u_mac  bf16_mac_unit_43                                                                                          2212    165.979     0.000      165.979 <none> (D)  
      u_add          bf16_fp32_add_43                                                                                          1533    113.724     0.000      113.724 <none> (D)  
      u_mul          bf16_mul_43                                                                                                679     52.255     0.000       52.255 <none> (D)  
    g_acc[44].u_mac  bf16_mac_unit_44                                                                                          2198    163.398     0.000      163.398 <none> (D)  
      u_add          bf16_fp32_add_44                                                                                          1522    112.281     0.000      112.281 <none> (D)  
      u_mul          bf16_mul_44                                                                                                676     51.117     0.000       51.117 <none> (D)  
    g_acc[45].u_mac  bf16_mac_unit_45                                                                                          2168    163.063     0.000      163.063 <none> (D)  
      u_add          bf16_fp32_add_45                                                                                          1494    111.727     0.000      111.727 <none> (D)  
      u_mul          bf16_mul_45                                                                                                674     51.336     0.000       51.336 <none> (D)  
    g_acc[46].u_mac  bf16_mac_unit_46                                                                                          2248    168.093     0.000      168.093 <none> (D)  
      u_add          bf16_fp32_add_46                                                                                          1537    114.366     0.000      114.366 <none> (D)  
      u_mul          bf16_mul_46                                                                                                711     53.727     0.000       53.727 <none> (D)  
    g_acc[47].u_mac  bf16_mac_unit_47                                                                                          2146    160.672     0.000      160.672 <none> (D)  
      u_add          bf16_fp32_add_47                                                                                          1490    110.560     0.000      110.560 <none> (D)  
      u_mul          bf16_mul_47                                                                                                656     50.111     0.000       50.111 <none> (D)  
    g_acc[48].u_mac  bf16_mac_unit_48                                                                                          2494    185.181     0.000      185.181 <none> (D)  
      u_add          bf16_fp32_add_48                                                                                          1821    132.955     0.000      132.955 <none> (D)  
      u_mul          bf16_mul_48                                                                                                673     52.226     0.000       52.226 <none> (D)  
    g_acc[49].u_mac  bf16_mac_unit_49                                                                                          2219    165.439     0.000      165.439 <none> (D)  
      u_add          bf16_fp32_add_49                                                                                          1524    113.301     0.000      113.301 <none> (D)  
      u_mul          bf16_mul_49                                                                                                695     52.138     0.000       52.138 <none> (D)  
    g_acc[4].u_mac   bf16_mac_unit_4                                                                                           2549    188.636     0.000      188.636 <none> (D)  
      u_add          bf16_fp32_add_4                                                                                           1845    135.667     0.000      135.667 <none> (D)  
      u_mul          bf16_mul_4                                                                                                 704     52.969     0.000       52.969 <none> (D)  
    g_acc[50].u_mac  bf16_mac_unit_50                                                                                          2134    160.876     0.000      160.876 <none> (D)  
      u_add          bf16_fp32_add_50                                                                                          1483    110.983     0.000      110.983 <none> (D)  
      u_mul          bf16_mul_50                                                                                                651     49.893     0.000       49.893 <none> (D)  
    g_acc[51].u_mac  bf16_mac_unit_51                                                                                          2264    167.699     0.000      167.699 <none> (D)  
      u_add          bf16_fp32_add_51                                                                                          1524    113.287     0.000      113.287 <none> (D)  
      u_mul          bf16_mul_51                                                                                                740     54.413     0.000       54.413 <none> (D)  
    g_acc[52].u_mac  bf16_mac_unit_52                                                                                          2533    185.560     0.000      185.560 <none> (D)  
      u_add          bf16_fp32_add_52                                                                                          1849    134.223     0.000      134.223 <none> (D)  
      u_mul          bf16_mul_52                                                                                                684     51.336     0.000       51.336 <none> (D)  
    g_acc[53].u_mac  bf16_mac_unit_53                                                                                          2219    164.492     0.000      164.492 <none> (D)  
      u_add          bf16_fp32_add_53                                                                                          1526    112.004     0.000      112.004 <none> (D)  
      u_mul          bf16_mul_53                                                                                                693     52.488     0.000       52.488 <none> (D)  
    g_acc[54].u_mac  bf16_mac_unit_54                                                                                          2517    185.691     0.000      185.691 <none> (D)  
      u_add          bf16_fp32_add_54                                                                                          1843    134.121     0.000      134.121 <none> (D)  
      u_mul          bf16_mul_54                                                                                                674     51.569     0.000       51.569 <none> (D)  
    g_acc[55].u_mac  bf16_mac_unit_55                                                                                          2208    164.025     0.000      164.025 <none> (D)  
      u_add          bf16_fp32_add_55                                                                                          1540    113.709     0.000      113.709 <none> (D)  
      u_mul          bf16_mul_55                                                                                                668     50.316     0.000       50.316 <none> (D)  
    g_acc[56].u_mac  bf16_mac_unit_56                                                                                          2473    183.898     0.000      183.898 <none> (D)  
      u_add          bf16_fp32_add_56                                                                                          1816    132.955     0.000      132.955 <none> (D)  
      u_mul          bf16_mul_56                                                                                                657     50.943     0.000       50.943 <none> (D)  
    g_acc[57].u_mac  bf16_mac_unit_57                                                                                          2192    165.250     0.000      165.250 <none> (D)  
      u_add          bf16_fp32_add_57                                                                                          1503    112.864     0.000      112.864 <none> (D)  
      u_mul          bf16_mul_57                                                                                                689     52.386     0.000       52.386 <none> (D)  
    g_acc[58].u_mac  bf16_mac_unit_58                                                                                          2538    188.578     0.000      188.578 <none> (D)  
      u_add          bf16_fp32_add_58                                                                                          1872    137.344     0.000      137.344 <none> (D)  
      u_mul          bf16_mul_58                                                                                                666     51.234     0.000       51.234 <none> (D)  
    g_acc[59].u_mac  bf16_mac_unit_59                                                                                          2504    185.181     0.000      185.181 <none> (D)  
      u_add          bf16_fp32_add_59                                                                                          1846    134.355     0.000      134.355 <none> (D)  
      u_mul          bf16_mul_59                                                                                                658     50.826     0.000       50.826 <none> (D)  
    g_acc[5].u_mac   bf16_mac_unit_5                                                                                           2425    182.031     0.000      182.031 <none> (D)  
      u_add          bf16_fp32_add_5                                                                                           1788    131.891     0.000      131.891 <none> (D)  
      u_mul          bf16_mul_5                                                                                                 637     50.141     0.000       50.141 <none> (D)  
    g_acc[60].u_mac  bf16_mac_unit_60                                                                                          2220    166.577     0.000      166.577 <none> (D)  
      u_add          bf16_fp32_add_60                                                                                          1518    113.112     0.000      113.112 <none> (D)  
      u_mul          bf16_mul_60                                                                                                702     53.465     0.000       53.465 <none> (D)  
    g_acc[61].u_mac  bf16_mac_unit_61                                                                                          2230    165.498     0.000      165.498 <none> (D)  
      u_add          bf16_fp32_add_61                                                                                          1528    112.951     0.000      112.951 <none> (D)  
      u_mul          bf16_mul_61                                                                                                702     52.546     0.000       52.546 <none> (D)  
    g_acc[62].u_mac  bf16_mac_unit_62                                                                                          2501    186.070     0.000      186.070 <none> (D)  
      u_add          bf16_fp32_add_62                                                                                          1837    134.748     0.000      134.748 <none> (D)  
      u_mul          bf16_mul_62                                                                                                664     51.322     0.000       51.322 <none> (D)  
    g_acc[63].u_mac  bf16_mac_unit_63                                                                                          2487    181.842     0.000      181.842 <none> (D)  
      u_add          bf16_fp32_add_63                                                                                          1821    131.482     0.000      131.482 <none> (D)  
      u_mul          bf16_mul_63                                                                                                666     50.359     0.000       50.359 <none> (D)  
    g_acc[64].u_mac  bf16_mac_unit_64                                                                                          2472    183.723     0.000      183.723 <none> (D)  
      u_add          bf16_fp32_add_64                                                                                          1817    133.640     0.000      133.640 <none> (D)  
      u_mul          bf16_mul_64                                                                                                655     50.082     0.000       50.082 <none> (D)  
    g_acc[65].u_mac  bf16_mac_unit_65                                                                                          2235    166.737     0.000      166.737 <none> (D)  
      u_add          bf16_fp32_add_65                                                                                          1522    113.155     0.000      113.155 <none> (D)  
      u_mul          bf16_mul_65                                                                                                713     53.581     0.000       53.581 <none> (D)  
    g_acc[66].u_mac  bf16_mac_unit_66                                                                                          2478    182.644     0.000      182.644 <none> (D)  
      u_add          bf16_fp32_add_66                                                                                          1835    133.188     0.000      133.188 <none> (D)  
      u_mul          bf16_mul_66                                                                                                643     49.455     0.000       49.455 <none> (D)  
    g_acc[67].u_mac  bf16_mac_unit_67                                                                                          2456    180.807     0.000      180.807 <none> (D)  
      u_add          bf16_fp32_add_67                                                                                          1781    129.295     0.000      129.295 <none> (D)  
      u_mul          bf16_mul_67                                                                                                675     51.511     0.000       51.511 <none> (D)  
    g_acc[68].u_mac  bf16_mac_unit_68                                                                                          2492    183.912     0.000      183.912 <none> (D)  
      u_add          bf16_fp32_add_68                                                                                          1819    132.605     0.000      132.605 <none> (D)  
      u_mul          bf16_mul_68                                                                                                673     51.307     0.000       51.307 <none> (D)  
    g_acc[69].u_mac  bf16_mac_unit_69                                                                                          2527    185.589     0.000      185.589 <none> (D)  
      u_add          bf16_fp32_add_69                                                                                          1886    135.404     0.000      135.404 <none> (D)  
      u_mul          bf16_mul_69                                                                                                641     50.184     0.000       50.184 <none> (D)  
    g_acc[6].u_mac   bf16_mac_unit_6                                                                                           2433    181.142     0.000      181.142 <none> (D)  
      u_add          bf16_fp32_add_6                                                                                           1773    129.966     0.000      129.966 <none> (D)  
      u_mul          bf16_mul_6                                                                                                 660     51.176     0.000       51.176 <none> (D)  
    g_acc[70].u_mac  bf16_mac_unit_70                                                                                          2219    166.066     0.000      166.066 <none> (D)  
      u_add          bf16_fp32_add_70                                                                                          1532    114.132     0.000      114.132 <none> (D)  
      u_mul          bf16_mul_70                                                                                                687     51.934     0.000       51.934 <none> (D)  
    g_acc[71].u_mac  bf16_mac_unit_71                                                                                          2232    167.539     0.000      167.539 <none> (D)  
      u_add          bf16_fp32_add_71                                                                                          1540    114.628     0.000      114.628 <none> (D)  
      u_mul          bf16_mul_71                                                                                                692     52.911     0.000       52.911 <none> (D)  
    g_acc[72].u_mac  bf16_mac_unit_72                                                                                          2205    165.439     0.000      165.439 <none> (D)  
      u_add          bf16_fp32_add_72                                                                                          1507    112.733     0.000      112.733 <none> (D)  
      u_mul          bf16_mul_72                                                                                                698     52.707     0.000       52.707 <none> (D)  
    g_acc[73].u_mac  bf16_mac_unit_73                                                                                          2574    187.601     0.000      187.601 <none> (D)  
      u_add          bf16_fp32_add_73                                                                                          1929    137.898     0.000      137.898 <none> (D)  
      u_mul          bf16_mul_73                                                                                                645     49.703     0.000       49.703 <none> (D)  
    g_acc[74].u_mac  bf16_mac_unit_74                                                                                          2189    164.258     0.000      164.258 <none> (D)  
      u_add          bf16_fp32_add_74                                                                                          1501    112.164     0.000      112.164 <none> (D)  
      u_mul          bf16_mul_74                                                                                                688     52.094     0.000       52.094 <none> (D)  
    g_acc[75].u_mac  bf16_mac_unit_75                                                                                          2233    168.064     0.000      168.064 <none> (D)  
      u_add          bf16_fp32_add_75                                                                                          1538    115.182     0.000      115.182 <none> (D)  
      u_mul          bf16_mul_75                                                                                                695     52.882     0.000       52.882 <none> (D)  
    g_acc[76].u_mac  bf16_mac_unit_76                                                                                          2212    163.792     0.000      163.792 <none> (D)  
      u_add          bf16_fp32_add_76                                                                                          1537    112.805     0.000      112.805 <none> (D)  
      u_mul          bf16_mul_76                                                                                                675     50.986     0.000       50.986 <none> (D)  
    g_acc[77].u_mac  bf16_mac_unit_77                                                                                          2168    161.546     0.000      161.546 <none> (D)  
      u_add          bf16_fp32_add_77                                                                                          1501    110.954     0.000      110.954 <none> (D)  
      u_mul          bf16_mul_77                                                                                                667     50.593     0.000       50.593 <none> (D)  
    g_acc[78].u_mac  bf16_mac_unit_78                                                                                          2186    163.486     0.000      163.486 <none> (D)  
      u_add          bf16_fp32_add_78                                                                                          1499    111.727     0.000      111.727 <none> (D)  
      u_mul          bf16_mul_78                                                                                                687     51.759     0.000       51.759 <none> (D)  
    g_acc[79].u_mac  bf16_mac_unit_79                                                                                          2189    163.558     0.000      163.558 <none> (D)  
      u_add          bf16_fp32_add_79                                                                                          1511    111.989     0.000      111.989 <none> (D)  
      u_mul          bf16_mul_79                                                                                                678     51.569     0.000       51.569 <none> (D)  
    g_acc[7].u_mac   bf16_mac_unit_7                                                                                           2164    161.969     0.000      161.969 <none> (D)  
      u_add          bf16_fp32_add_7                                                                                           1489    110.677     0.000      110.677 <none> (D)  
      u_mul          bf16_mul_7                                                                                                 675     51.292     0.000       51.292 <none> (D)  
    g_acc[80].u_mac  bf16_mac_unit_80                                                                                          2212    165.702     0.000      165.702 <none> (D)  
      u_add          bf16_fp32_add_80                                                                                          1522    113.534     0.000      113.534 <none> (D)  
      u_mul          bf16_mul_80                                                                                                690     52.167     0.000       52.167 <none> (D)  
    g_acc[81].u_mac  bf16_mac_unit_81                                                                                          2165    161.867     0.000      161.867 <none> (D)  
      u_add          bf16_fp32_add_81                                                                                          1485    110.429     0.000      110.429 <none> (D)  
      u_mul          bf16_mul_81                                                                                                680     51.438     0.000       51.438 <none> (D)  
    g_acc[82].u_mac  bf16_mac_unit_82                                                                                          2231    168.151     0.000      168.151 <none> (D)  
      u_add          bf16_fp32_add_82                                                                                          1527    114.380     0.000      114.380 <none> (D)  
      u_mul          bf16_mul_82                                                                                                704     53.771     0.000       53.771 <none> (D)  
    g_acc[83].u_mac  bf16_mac_unit_83                                                                                          2226    166.751     0.000      166.751 <none> (D)  
      u_add          bf16_fp32_add_83                                                                                          1545    114.788     0.000      114.788 <none> (D)  
      u_mul          bf16_mul_83                                                                                                681     51.963     0.000       51.963 <none> (D)  
    g_acc[84].u_mac  bf16_mac_unit_84                                                                                          2165    162.654     0.000      162.654 <none> (D)  
      u_add          bf16_fp32_add_84                                                                                          1484    110.968     0.000      110.968 <none> (D)  
      u_mul          bf16_mul_84                                                                                                681     51.686     0.000       51.686 <none> (D)  
    g_acc[85].u_mac  bf16_mac_unit_85                                                                                          2511    184.918     0.000      184.918 <none> (D)  
      u_add          bf16_fp32_add_85                                                                                          1825    132.955     0.000      132.955 <none> (D)  
      u_mul          bf16_mul_85                                                                                                686     51.963     0.000       51.963 <none> (D)  
    g_acc[86].u_mac  bf16_mac_unit_86                                                                                          2204    165.206     0.000      165.206 <none> (D)  
      u_add          bf16_fp32_add_86                                                                                          1528    113.768     0.000      113.768 <none> (D)  
      u_mul          bf16_mul_86                                                                                                676     51.438     0.000       51.438 <none> (D)  
    g_acc[87].u_mac  bf16_mac_unit_87                                                                                          2168    161.867     0.000      161.867 <none> (D)  
      u_add          bf16_fp32_add_87                                                                                          1484    110.006     0.000      110.006 <none> (D)  
      u_mul          bf16_mul_87                                                                                                684     51.861     0.000       51.861 <none> (D)  
    g_acc[88].u_mac  bf16_mac_unit_88                                                                                          2466    182.687     0.000      182.687 <none> (D)  
      u_add          bf16_fp32_add_88                                                                                          1805    131.570     0.000      131.570 <none> (D)  
      u_mul          bf16_mul_88                                                                                                661     51.117     0.000       51.117 <none> (D)  
    g_acc[89].u_mac  bf16_mac_unit_89                                                                                          2501    185.122     0.000      185.122 <none> (D)  
      u_add          bf16_fp32_add_89                                                                                          1842    133.524     0.000      133.524 <none> (D)  
      u_mul          bf16_mul_89                                                                                                659     51.599     0.000       51.599 <none> (D)  
    g_acc[8].u_mac   bf16_mac_unit_8                                                                                           2165    162.275     0.000      162.275 <none> (D)  
      u_add          bf16_fp32_add_8                                                                                           1506    112.324     0.000      112.324 <none> (D)  
      u_mul          bf16_mul_8                                                                                                 659     49.951     0.000       49.951 <none> (D)  
    g_acc[90].u_mac  bf16_mac_unit_90                                                                                          2232    166.912     0.000      166.912 <none> (D)  
      u_add          bf16_fp32_add_90                                                                                          1531    114.366     0.000      114.366 <none> (D)  
      u_mul          bf16_mul_90                                                                                                701     52.546     0.000       52.546 <none> (D)  
    g_acc[91].u_mac  bf16_mac_unit_91                                                                                          2515    185.720     0.000      185.720 <none> (D)  
      u_add          bf16_fp32_add_91                                                                                          1836    133.232     0.000      133.232 <none> (D)  
      u_mul          bf16_mul_91                                                                                                679     52.488     0.000       52.488 <none> (D)  
    g_acc[92].u_mac  bf16_mac_unit_92                                                                                          2151    162.013     0.000      162.013 <none> (D)  
      u_add          bf16_fp32_add_92                                                                                          1474    110.560     0.000      110.560 <none> (D)  
      u_mul          bf16_mul_92                                                                                                677     51.453     0.000       51.453 <none> (D)  
    g_acc[93].u_mac  bf16_mac_unit_93                                                                                          2213    164.521     0.000      164.521 <none> (D)  
      u_add          bf16_fp32_add_93                                                                                          1513    112.426     0.000      112.426 <none> (D)  
      u_mul          bf16_mul_93                                                                                                700     52.094     0.000       52.094 <none> (D)  
    g_acc[94].u_mac  bf16_mac_unit_94                                                                                          2206    163.792     0.000      163.792 <none> (D)  
      u_add          bf16_fp32_add_94                                                                                          1514    111.712     0.000      111.712 <none> (D)  
      u_mul          bf16_mul_94                                                                                                692     52.080     0.000       52.080 <none> (D)  
    g_acc[95].u_mac  bf16_mac_unit_95                                                                                          2184    163.938     0.000      163.938 <none> (D)  
      u_add          bf16_fp32_add_95                                                                                          1495    111.872     0.000      111.872 <none> (D)  
      u_mul          bf16_mul_95                                                                                                689     52.065     0.000       52.065 <none> (D)  
    g_acc[96].u_mac  bf16_mac_unit_96                                                                                          2224    166.299     0.000      166.299 <none> (D)  
      u_add          bf16_fp32_add_96                                                                                          1559    115.095     0.000      115.095 <none> (D)  
      u_mul          bf16_mul_96                                                                                                665     51.205     0.000       51.205 <none> (D)  
    g_acc[97].u_mac  bf16_mac_unit_97                                                                                          2196    164.739     0.000      164.739 <none> (D)  
      u_add          bf16_fp32_add_97                                                                                          1502    113.053     0.000      113.053 <none> (D)  
      u_mul          bf16_mul_97                                                                                                694     51.686     0.000       51.686 <none> (D)  
    g_acc[98].u_mac  bf16_mac_unit_98                                                                                          2506    185.589     0.000      185.589 <none> (D)  
      u_add          bf16_fp32_add_98                                                                                          1845    134.457     0.000      134.457 <none> (D)  
      u_mul          bf16_mul_98                                                                                                661     51.132     0.000       51.132 <none> (D)  
    g_acc[99].u_mac  bf16_mac_unit_99                                                                                          2166    161.459     0.000      161.459 <none> (D)  
      u_add          bf16_fp32_add_99                                                                                          1493    110.852     0.000      110.852 <none> (D)  
      u_mul          bf16_mul_99                                                                                                673     50.607     0.000       50.607 <none> (D)  
    g_acc[9].u_mac   bf16_mac_unit_9                                                                                           2213    164.812     0.000      164.812 <none> (D)  
      u_add          bf16_fp32_add_9                                                                                           1522    112.397     0.000      112.397 <none> (D)  
      u_mul          bf16_mul_9                                                                                                 691     52.415     0.000       52.415 <none> (D)  
  u_out_sram         output_sram_PSUM_WIDTH32_VEC_SIZE128_DEPTH2_ADDR_WIDTH1                                                  16804   3181.166     0.000     3181.166 <none> (D)  
  u_rb               axi_readback_PSUM_WIDTH32_VEC_SIZE128_N_ROWS1_DEPTH2_ADDR_WIDTH1                                          4058    334.276     0.000      334.276 <none> (D)  
  u_wt_sram_0        weight_sram_DATA_WIDTH2048_DEPTH32_ADDR_WIDTH5                                                          197984  31216.480     0.000    31216.480 <none> (D)  
  u_wt_sram_1        weight_sram_DATA_WIDTH2048_DEPTH32_ADDR_WIDTH5_1                                                        217270  32039.725     0.000    32039.725 <none> (D)  
  (D) = wireload is default in technology library
