============================================================
  Generated by:           Genus(TM) Synthesis Solution 23.10-p004_1
  Generated on:           Apr 25 2026  12:09:51 pm
  Module:                 vec_mac_top
  Operating conditions:   PVT_0P7V_25C (balanced_tree)
  Wireload mode:          enclosed
  Area mode:              timing library
============================================================


Path 1: VIOLATED (-1594 ps) Setup Check with Pin u_mac/g_acc[65].acc_reg[6]/CLK->D
          Group: clk
     Startpoint: (R) u_ctrl/counter_reg[2]/CLK
          Clock: (R) clk
       Endpoint: (R) u_mac/g_acc[65].acc_reg[6]/D
          Clock: (R) clk

                     Capture       Launch     
        Clock Edge:+       5            0     
       Src Latency:+       0            0     
       Net Latency:+       0 (I)        0 (I) 
           Arrival:=       5            0     
                                              
             Setup:-      27                  
     Required Time:=     -22                  
      Launch Clock:-       0                  
         Data Path:-    1572                  
             Slack:=   -1594                  

#-------------------------------------------------------------------------------------------------------------------------------------------------------
#                         Timing Point                          Flags    Arc    Edge          Cell             Fanout Load Trans Delay Arrival Instance 
#                                                                                                                     (fF)  (ps)  (ps)   (ps)  Location 
#-------------------------------------------------------------------------------------------------------------------------------------------------------
  u_ctrl/counter_reg[2]/CLK                                     -       -       R     (arrival)                155670    -     0     0       0    (-,-) 
  u_ctrl/counter_reg[2]/QN                                      -       CLK->QN R     DFFASRHQNx1_ASAP7_75t_R       4  1.9    30    58      58    (-,-) 
  u_ctrl/fopt242581/Y                                           -       A->Y    F     INVx1_ASAP7_75t_R             2  0.9    14    13      70    (-,-) 
  u_ctrl/fopt3/Y                                                -       A->Y    R     INVxp67_ASAP7_75t_R           2  1.3    21    15      85    (-,-) 
  u_ctrl/g3824/Y                                                -       A->Y    F     NOR2x1_ASAP7_75t_R            1  1.0    15    15     100    (-,-) 
  u_ctrl/g171/Y                                                 -       B->Y    F     AND2x4_ASAP7_75t_R            4  4.0    12    23     123    (-,-) 
  u_ctrl/g170/Y                                                 -       B->Y    F     AND2x4_ASAP7_75t_R            9  6.6    16    24     148    (-,-) 
  u_ctrl/g168227/Y                                              -       A2->Y   R     AOI22x1_ASAP7_75t_R           1  0.5    20    14     161    (-,-) 
  u_ctrl/g184/Y                                                 -       B->Y    F     NAND2xp5_ASAP7_75t_R          1  1.0    18    15     176    (-,-) 
  u_ctrl/g243678/Y                                              -       B->Y    R     NOR2x1_ASAP7_75t_R            1  1.5    20    16     192    (-,-) 
  u_ctrl/g243677/Y                                              -       A->Y    F     NAND4xp75_ASAP7_75t_R         1  1.2    23    16     207    (-,-) 
  u_ctrl/g243676/Y                                              -       A->Y    F     BUFx6f_ASAP7_75t_R           13 12.6    19    29     236    (-,-) 
  u_mac/fopt162322/Y                                            -       A->Y    F     BUFx12f_ASAP7_75t_R          66 36.3    28    32     268    (-,-) 
  u_mac/g_acc[65].u_mac/u_mul/fopt12610/Y                       -       A->Y    R     INVxp67_ASAP7_75t_R           3  1.2    23    19     287    (-,-) 
  u_mac/g_acc[65].u_mac/u_mul/fopt12609/Y                       -       A->Y    F     INVx1_ASAP7_75t_R             4  2.1    19    16     303    (-,-) 
  u_mac/g_acc[65].u_mac/u_mul/fopt12608/Y                       -       A->Y    F     BUFx3_ASAP7_75t_R             5  2.2    10    23     326    (-,-) 
  u_mac/g_acc[65].u_mac/u_mul/mul_59_28_g3337/Y                 -       B->Y    F     AND2x2_ASAP7_75t_R            3  3.2    16    24     350    (-,-) 
  u_mac/g_acc[65].u_mac/u_mul/mul_59_28_g3127/Y                 -       B->Y    R     A2O1A1Ixp33_ASAP7_75t_R       1  0.6    21    16     367    (-,-) 
  u_mac/g_acc[65].u_mac/u_mul/mul_59_28_g3091/Y                 -       B->Y    F     OAI21xp5_ASAP7_75t_R          1  1.5    27    19     386    (-,-) 
  u_mac/g_acc[65].u_mac/u_mul/mul_59_28_g3040/Y                 -       A->Y    F     XNOR2x1_ASAP7_75t_R           2  1.8    22    28     414    (-,-) 
  u_mac/g_acc[65].u_mac/u_mul/mul_59_28_g3032/Y                 -       A->Y    R     INVx2_ASAP7_75t_R             2  1.5    13    12     426    (-,-) 
  u_mac/g_acc[65].u_mac/u_mul/mul_59_28_g2992/Y                 -       B1->Y   F     AOI22xp5_ASAP7_75t_R          1  1.0    24    13     439    (-,-) 
  u_mac/g_acc[65].u_mac/u_mul/mul_59_28_g2967/Y                 -       B->Y    F     XNOR2xp5_ASAP7_75t_R          3  1.1    22    28     467    (-,-) 
  u_mac/g_acc[65].u_mac/u_mul/g810/Y                            -       B->Y    R     NAND2xp33_ASAP7_75t_R         1  0.3    18    15     482    (-,-) 
  u_mac/g_acc[65].u_mac/u_mul/fopt12009/Y                       -       A->Y    R     HB1xp67_ASAP7_75t_R           2  0.9    16    24     506    (-,-) 
  u_mac/g_acc[65].u_mac/u_mul/g3282/Y                           -       A1->Y   F     AOI21xp5_ASAP7_75t_R          2  1.0    21    15     521    (-,-) 
  u_mac/g_acc[65].u_mac/u_mul/g3274/Y                           -       A2->Y   R     AOI21xp5_ASAP7_75t_R          2  1.0    25    19     540    (-,-) 
  u_mac/g_acc[65].u_mac/u_mul/fopt12472/Y                       -       A->Y    F     INVx1_ASAP7_75t_R             3  1.4    16    14     555    (-,-) 
  u_mac/g_acc[65].u_mac/u_mul/g12649/Y                          -       B->Y    R     NAND2xp5_ASAP7_75t_R          2  1.5    27    18     572    (-,-) 
  u_mac/g_acc[65].u_mac/u_mul/g2/Y                              -       B->Y    R     XOR2xp5_ASAP7_75t_R           2  0.9    25    28     601    (-,-) 
  u_mac/g_acc[65].u_mac/u_mul/g12152/Y                          -       A->Y    F     INVx1_ASAP7_75t_R             2  0.6    11    10     611    (-,-) 
  u_mac/g_acc[65].u_mac/u_mul/g12151/Y                          -       B->Y    R     NOR2xp33_ASAP7_75t_R          1  0.5    19    13     625    (-,-) 
  u_mac/g_acc[65].u_mac/u_mul/g11722/Y                          -       B->Y    F     NAND2xp5_ASAP7_75t_R          1  1.0    18    15     639    (-,-) 
  u_mac/g_acc[65].u_mac/u_mul/g11693/Y                          -       B->Y    R     NOR2x1_ASAP7_75t_R            2  0.9    15    13     652    (-,-) 
  u_mac/g_acc[65].u_mac/u_mul/g11665/Y                          -       B->Y    F     NAND2xp5_ASAP7_75t_R          1  0.6    14    11     663    (-,-) 
  u_mac/g_acc[65].u_mac/u_mul/g12489/Y                          -       A1->Y   F     OA21x2_ASAP7_75t_R            3  2.0    13    28     691    (-,-) 
  u_mac/g_acc[65].u_mac/u_mul/g12263_dup/Y                      -       B->Y    F     AND2x4_ASAP7_75t_R            2  2.9    10    21     712    (-,-) 
  u_mac/g_acc[65].u_mac/u_mul/g12494/Y                          -       A->Y    R     INVx4_ASAP7_75t_R             3  2.6     9     8     720    (-,-) 
  u_mac/g_acc[65].u_mac/u_mul/g11609/Y                          -       A2->Y   F     OAI21x1_ASAP7_75t_R           3  2.1    21    13     733    (-,-) 
  u_mac/g_acc[65].u_mac/u_add/fopt30524/Y                       -       A->Y    R     INVx2_ASAP7_75t_R             2  0.8    10    10     742    (-,-) 
  u_mac/g_acc[65].u_mac/u_add/g21357/Y                          -       B->Y    F     NAND2xp33_ASAP7_75t_R         1  0.5    17    11     753    (-,-) 
  u_mac/g_acc[65].u_mac/u_add/g21268/Y                          -       A->Y    R     NAND2xp5_ASAP7_75t_R          1  0.5    14    13     766    (-,-) 
  u_mac/g_acc[65].u_mac/u_add/g21249/Y                          -       B->Y    F     OAI31xp33_ASAP7_75t_R         1  0.5    19    16     782    (-,-) 
  u_mac/g_acc[65].u_mac/u_add/g21226/Y                          -       B->Y    R     AOI21xp5_ASAP7_75t_R          1  0.5    18    16     797    (-,-) 
  u_mac/g_acc[65].u_mac/u_add/g21217/Y                          -       A2->Y   F     AOI21xp5_ASAP7_75t_R          2  0.9    19    14     811    (-,-) 
  u_mac/g_acc[65].u_mac/u_add/g21212/Y                          -       A->Y    R     NAND2xp5_ASAP7_75t_R          2  1.0    20    17     828    (-,-) 
  u_mac/g_acc[65].u_mac/u_add/g21208/Y                          -       A->Y    R     AND3x2_ASAP7_75t_R            3  1.8    16    32     860    (-,-) 
  u_mac/g_acc[65].u_mac/u_add/g30620/Y                          -       A->Y    F     INVx1_ASAP7_75t_R             3  1.5    14    12     872    (-,-) 
  u_mac/g_acc[65].u_mac/u_add/g30623/Y                          -       A->Y    R     INVxp67_ASAP7_75t_R           1  0.5    11    10     882    (-,-) 
  u_mac/g_acc[65].u_mac/u_add/g30622/Y                          -       A1->Y   R     AO22x2_ASAP7_75t_R            5  4.5    26    31     914    (-,-) 
  u_mac/g_acc[65].u_mac/u_add/srl_68_259_g30625/Y               -       A->Y    R     BUFx3_ASAP7_75t_R             5  3.4    15    25     939    (-,-) 
  u_mac/g_acc[65].u_mac/u_add/srl_68_259_g1923/Y                -       A->Y    F     INVx3_ASAP7_75t_R             3  2.0     8     8     947    (-,-) 
  u_mac/g_acc[65].u_mac/u_add/srl_68_259_g1805/Y                -       A->Y    R     NAND2xp5_ASAP7_75t_R          1  0.6    14    11     958    (-,-) 
  u_mac/g_acc[65].u_mac/u_add/srl_68_259_g1794/Y                -       B->Y    F     OAI21xp5_ASAP7_75t_R          2  1.1    21    15     973    (-,-) 
  u_mac/g_acc[65].u_mac/u_add/g194/Y                            -       B1->Y   R     AOI22xp5_ASAP7_75t_R          2  0.8    25    20     993    (-,-) 
  u_mac/g_acc[65].u_mac/u_add/srl_68_259_g1733/Y                -       A2->Y   F     OAI21xp33_ASAP7_75t_R         1  0.5    19    16    1008    (-,-) 
  u_mac/g_acc[65].u_mac/u_add/g18552/Y                          -       B->Y    F     AND2x2_ASAP7_75t_R            1  1.5    10    24    1033    (-,-) 
  u_mac/g_acc[65].u_mac/u_add/SUB_TC_OP43_Y_ADD_TC_OP44_g3447/Y -       B->Y    F     XNOR2x1_ASAP7_75t_R           2  2.5    23    25    1058    (-,-) 
  u_mac/g_acc[65].u_mac/u_add/g299/Y                            -       B->Y    R     NOR2x1p5_ASAP7_75t_R          4  3.0    25    19    1077    (-,-) 
  u_mac/g_acc[65].u_mac/u_add/g293/Y                            -       B->Y    F     NOR2x1_ASAP7_75t_R            1  1.0    17    14    1091    (-,-) 
  u_mac/g_acc[65].u_mac/u_add/g290/Y                            -       A2->Y   R     AOI21x1_ASAP7_75t_R           1  1.2    19    16    1106    (-,-) 
  u_mac/g_acc[65].u_mac/u_add/g289/Y                            -       B->Y    F     OAI21x1_ASAP7_75t_R           4  2.0    20    16    1123    (-,-) 
  u_mac/g_acc[65].u_mac/u_add/SUB_TC_OP43_Y_ADD_TC_OP44_g3191/Y -       A->Y    R     NAND2xp5_ASAP7_75t_R          3  1.4    25    20    1142    (-,-) 
  u_mac/g_acc[65].u_mac/u_add/SUB_TC_OP43_Y_ADD_TC_OP44_g3176/Y -       A2->Y   F     OAI21xp33_ASAP7_75t_R         1  1.0    26    21    1163    (-,-) 
  u_mac/g_acc[65].u_mac/u_add/SUB_TC_OP43_Y_ADD_TC_OP44_g3159/Y -       B->Y    F     XNOR2xp5_ASAP7_75t_R          2  0.7    18    26    1189    (-,-) 
  u_mac/g_acc[65].u_mac/u_add/g30417/Y                          -       A->Y    R     INVxp67_ASAP7_75t_R           1  0.5    12    11    1201    (-,-) 
  u_mac/g_acc[65].u_mac/u_add/g30640/Y                          -       A->Y    F     NAND3xp33_ASAP7_75t_R         3  1.3    31    19    1220    (-,-) 
  u_mac/g_acc[65].u_mac/u_add/g30642/Y                          -       B->Y    R     NOR2xp67_ASAP7_75t_R          2  0.8    21    17    1237    (-,-) 
  u_mac/g_acc[65].u_mac/u_add/g30641/Y                          -       A->Y    R     AND2x2_ASAP7_75t_R            1  1.0    11    22    1259    (-,-) 
  u_mac/g_acc[65].u_mac/u_add/g85/Y                             -       B->Y    R     AND2x4_ASAP7_75t_R            6  3.4    13    21    1280    (-,-) 
  u_mac/g_acc[65].u_mac/u_add/g29988/Y                          -       A->Y    F     NAND2xp5_ASAP7_75t_R          3  1.7    26    17    1297    (-,-) 
  u_mac/g_acc[65].u_mac/u_add/g29904/Y                          -       B->Y    R     NAND2xp5_ASAP7_75t_R          1  0.3    13    12    1310    (-,-) 
  u_mac/g_acc[65].u_mac/u_add/g29865/Y                          -       A->Y    F     NOR2xp33_ASAP7_75t_R          1  0.5    16    14    1323    (-,-) 
  u_mac/g_acc[65].u_mac/u_add/g39/Y                             -       B->Y    R     NAND2xp5_ASAP7_75t_R          3  1.5    25    18    1342    (-,-) 
  u_mac/g_acc[65].u_mac/u_add/fopt31159/Y                       -       A->Y    R     HB1xp67_ASAP7_75t_R           1  0.9    17    26    1367    (-,-) 
  u_mac/g_acc[65].u_mac/u_add/g50/Y                             -       B->Y    R     XNOR2xp5_ASAP7_75t_R          3  1.3    33    23    1390    (-,-) 
  u_mac/g_acc[65].u_mac/u_add/g260/Y                            -       A->Y    F     INVx1_ASAP7_75t_R             2  1.1    15    14    1404    (-,-) 
  u_mac/g_acc[65].u_mac/u_add/g254/Y                            -       B->Y    R     NOR2xp67_ASAP7_75t_R          1  0.4    12    11    1415    (-,-) 
  u_mac/g_acc[65].u_mac/u_add/g251/Y                            -       B1->Y   F     AOI22xp33_ASAP7_75t_R         1  0.4    18    11    1426    (-,-) 
  u_mac/g_acc[65].u_mac/u_add/g249/Y                            -       A2->Y   R     OAI32xp33_ASAP7_75t_R         1  0.5    37    21    1447    (-,-) 
  u_mac/g_acc[65].u_mac/u_add/g248/Y                            -       C->Y    F     NAND3xp33_ASAP7_75t_R         1  0.6    21    18    1465    (-,-) 
  u_mac/g_acc[65].u_mac/u_add/g29673/Y                          -       A1->Y   F     OA21x2_ASAP7_75t_R            4  3.3    18    32    1497    (-,-) 
  u_mac/g_acc[65].u_mac/u_add/g29667/Y                          -       B->Y    F     AND2x4_ASAP7_75t_R           22 11.0    23    30    1527    (-,-) 
  u_mac/g_acc[65].u_mac/u_add/g31102/Y                          -       A1->Y   R     AOI22xp5_ASAP7_75t_R          1  0.5    34    18    1545    (-,-) 
  u_mac/g_acc[65].u_mac/u_add/g29603/Y                          -       A->Y    F     NAND2xp5_ASAP7_75t_R          1  0.5    14    13    1558    (-,-) 
  u_mac/g154175/Y                                               -       A1->Y   R     AOI21xp5_ASAP7_75t_R          1  0.6    19    14    1572    (-,-) 
  u_mac/g_acc[65].acc_reg[6]/D                                  <<<     -       R     DFFASRHQNx1_ASAP7_75t_R       1    -     -     0    1572    (-,-) 
#-------------------------------------------------------------------------------------------------------------------------------------------------------

