============================================================
  Generated by:           Genus(TM) Synthesis Solution 23.10-p004_1
  Generated on:           Apr 24 2026  07:43:21 pm
  Module:                 vec_mac_top
  Operating conditions:   PVT_0P7V_25C (balanced_tree)
  Wireload mode:          enclosed
  Area mode:              timing library
============================================================

Timing
--------

Clock Period 
-------------
clk      5.0 


  Cost    Critical                 Violating 
 Group   Path Slack      TNS         Paths   
---------------------------------------------
clk         -1697.6   -70991283.5     156186 
default    No paths           0.0            
---------------------------------------------
Total                 -70991283.5     156186 

Instance Count
--------------
Leaf Instance Count             1107533 
Physical Instance count               0 
Sequential Instance Count        155670 
Combinational Instance Count     951863 
Hierarchical Instance Count         905 

Area
----
Cell Area                          120054.461
Physical Cell Area                 0.000
Total Cell Area (Cell+Physical)    120054.461
Net Area                           0.000
Total Area (Cell+Physical+Net)     120054.461

Max Fanout                         155670 (clk)
Min Fanout                         0 (u_mac/g_acc[75].u_mac/u_core/mac/mulAddRecFNToRaw_preMul/io_a[16])
Average Fanout                     2.6
Terms to net ratio                 3.5698
Terms to instance ratio            3.5847
Runtime                            21512.472386999987 seconds
Elapsed Runtime                    18575 seconds
Genus peak memory usage            8531.62 
Innovus peak memory usage          no_value 
Hostname                           auto.ece.pdx.edu
