
Cadence Innovus(TM) Implementation System.
Copyright 2024 Cadence Design Systems, Inc. All rights reserved worldwide.

Version:	v23.10-p003_1, built Thu Feb 1 13:54:57 PST 2024
Options:	-files innovus.tcl 
Date:		Sat Apr 25 16:34:51 2026
Host:		auto.ece.pdx.edu (x86_64 w/Linux 3.10.0-1160.119.1.el7.x86_64) (1core*32cpus*Intel Xeon Processor (Cascadelake) 16384KB)
OS:		CentOS Linux 7 (Core)

License:
		[16:34:51.427937] Configured Lic search path (23.02-s003): 5280@cadence-lic.cecs.pdx.edu

		invs	Innovus Implementation System	23.1	checkout succeeded
		8 CPU jobs allowed with the current license(s). Use setMultiCpuUsage to set your required CPU count.
**WARN: (IMPSYT-1507):	The display is invalid and will start in no window mode
Create and set the environment variable TMPDIR to /home/iwyse/common/Documents/ECE510/project/510Project/project/cadence/vec_mac_top/innovus_temp_11568_auto.ece.pdx.edu_iwyse_UiJaaT.

Change the soft stacksize limit to 0.2%RAM (245 mbytes). Set global soft_stack_size_limit to change the value.

**INFO:  MMMC transition support version v31-84 

[INFO] Loading Pegasus 23.20 fill procedures
**WARN: Tk package not loaded. The Pegasus fill DRC monitor is disabled.
Sourcing file "innovus.tcl" ...
**ERROR: (IMPSYT-6692):	Invalid return code while executing 'innovus.tcl' was returned and script processing was stopped. Review the following error in 'innovus.tcl' then restart.
**ERROR: (IMPSYT-6693):	Error message: innovus.tcl: invalid command name "read_mmmc".
innovus 1> exit

*** Memory Usage v#2 (Current mem = 1579.207M, initial mem = 812.664M) ***
*** Message Summary: 0 warning(s), 2 error(s)

--- Ending "Innovus" (totcpu=0:00:19.8, real=0:02:22, mem=1579.2M) ---

